<?xml version="1.0" encoding="UTF-8"?>
<!-- Generated by org.testng.reporters.JUnitReportReporter -->
<testsuite hostname="Shinde" failures="0" tests="1" name="com.api1.test.CreateJobTest" time="3.823" errors="0" timestamp="2025-10-31T12:42:43 IST" skipped="0">
  <testcase classname="com.api1.test.CreateJobTest" name="createJobTest" time="3.823"/>
  <system-out/>
</testsuite> <!-- com.api1.test.CreateJobTest -->
