<?xml version="1.0" encoding="UTF-8"?>
<!-- Generated by org.testng.reporters.JUnitReportReporter -->
<testsuite hostname="Shinde" failures="0" tests="1" name="com.api1.test.LoginApiTest" time="3.874" errors="0" timestamp="2025-10-31T16:19:34 IST" skipped="0">
  <testcase classname="com.api1.test.LoginApiTest" name="Test" time="3.874"/>
  <system-out/>
</testsuite> <!-- com.api1.test.LoginApiTest -->
