<?xml version="1.0" encoding="UTF-8"?>
<!-- Generated by org.testng.reporters.JUnitReportReporter -->
<testsuite hostname="Shinde" failures="0" tests="2" name="com.api1.test.CountApiTest" time="3.720" errors="0" timestamp="2025-10-27T23:38:47 IST" skipped="0">
  <testcase classname="com.api1.test.CountApiTest" name="NeagtiveTest" time="0.633"/>
  <system-out/>
  <testcase classname="com.api1.test.CountApiTest" name="CoutApiTest" time="3.087"/>
  <system-out/>
</testsuite> <!-- com.api1.test.CountApiTest -->
