<?xml version="1.0" encoding="UTF-8"?>
<!-- Generated by org.testng.reporters.JUnitReportReporter -->
<testsuite hostname="Shinde" failures="0" tests="2" name="com.api1.test.CountApiTest" time="0.878" errors="0" timestamp="2025-10-28T17:35:11 IST" skipped="0">
  <testcase classname="com.api1.test.CountApiTest" name="NeagtiveTest" time="0.443"/>
  <system-out/>
  <testcase classname="com.api1.test.CountApiTest" name="CoutApiTest" time="0.435"/>
  <system-out/>
</testsuite> <!-- com.api1.test.CountApiTest -->
