<?xml version="1.0" encoding="UTF-8"?>
<!-- Generated by org.testng.reporters.JUnitReportReporter -->
<testsuite hostname="Shinde" failures="0" tests="2" name="com.api1.test.CountApiTest" time="1.180" errors="0" timestamp="2025-10-28T21:55:44 IST" skipped="0">
  <testcase classname="com.api1.test.CountApiTest" name="CoutApiTest" time="0.670"/>
  <system-out/>
  <testcase classname="com.api1.test.CountApiTest" name="NeagtiveTest" time="0.510"/>
  <system-out/>
</testsuite> <!-- com.api1.test.CountApiTest -->
