<?xml version="1.0" encoding="UTF-8"?>
<!-- Generated by org.testng.reporters.JUnitReportReporter -->
<testsuite hostname="Shinde" failures="0" tests="1" name="com.api1.test.UserdeatilsTest" time="4.299" errors="0" timestamp="2025-10-31T19:15:33 IST" skipped="0">
  <testcase classname="com.api1.test.UserdeatilsTest" name="Test" time="4.299"/>
  <system-out/>
</testsuite> <!-- com.api1.test.UserdeatilsTest -->
