<?xml version="1.0" encoding="UTF-8"?>
<!-- Generated by org.testng.reporters.JUnitReportReporter -->
<testsuite hostname="Shinde" failures="0" tests="2" name="com.api1.test.MasterApiTest" time="4.679" errors="0" timestamp="2025-10-28T12:13:28 IST" skipped="0">
  <testcase classname="com.api1.test.MasterApiTest" name="MasterApiTest" time="2.408"/>
  <system-out/>
  <testcase classname="com.api1.test.MasterApiTest" name="Auth_missing" time="2.271"/>
  <system-out/>
</testsuite> <!-- com.api1.test.MasterApiTest -->
