<?xml version="1.0" encoding="UTF-8"?>
<!-- Generated by org.testng.reporters.JUnitReportReporter -->
<testsuite hostname="Shinde" failures="0" tests="1" name="com.api1.test.CreateJobApiTest" time="3.066" errors="0" timestamp="2025-11-02T03:11:47 IST" skipped="0">
  <testcase classname="com.api1.test.CreateJobApiTest" name="createJobApiTest" time="3.066"/>
  <system-out/>
</testsuite> <!-- com.api1.test.CreateJobApiTest -->
