<?xml version="1.0" encoding="UTF-8"?>
<!-- Generated by org.testng.reporters.JUnitReportReporter -->
<testsuite hostname="Shinde" failures="0" tests="2" name="com.api1.test.MasterApiTest" time="1.001" errors="0" timestamp="2025-10-28T21:55:44 IST" skipped="0">
  <testcase classname="com.api1.test.MasterApiTest" name="MasterApiTest" time="0.820"/>
  <system-out/>
  <testcase classname="com.api1.test.MasterApiTest" name="Auth_missing" time="0.181"/>
  <system-out/>
</testsuite> <!-- com.api1.test.MasterApiTest -->
