<?xml version="1.0" encoding="UTF-8"?>
<!-- Generated by org.testng.reporters.JUnitReportReporter -->
<testsuite hostname="Shinde" failures="0" tests="2" name="com.api1.test.CountApiTest" time="3.489" errors="0" timestamp="2025-10-29T01:44:20 IST" skipped="0">
  <testcase classname="com.api1.test.CountApiTest" name="NeagtiveTest" time="0.465"/>
  <system-out/>
  <testcase classname="com.api1.test.CountApiTest" name="CoutApiTest" time="3.024"/>
  <system-out/>
</testsuite> <!-- com.api1.test.CountApiTest -->
