<?xml version="1.0" encoding="UTF-8"?>
<!-- Generated by org.testng.reporters.JUnitReportReporter -->
<testsuite hostname="Shinde" failures="0" tests="2" name="com.api1.test.CountApiTest" time="2.836" errors="0" timestamp="2025-10-30T15:20:41 IST" skipped="0">
  <testcase classname="com.api1.test.CountApiTest" name="CoutApiTest" time="2.450"/>
  <system-out/>
  <testcase classname="com.api1.test.CountApiTest" name="NeagtiveTest" time="0.386"/>
  <system-out/>
</testsuite> <!-- com.api1.test.CountApiTest -->
