<?xml version="1.0" encoding="UTF-8"?>
<!-- Generated by org.testng.reporters.JUnitReportReporter -->
<testsuite hostname="Shinde" failures="0" tests="1" name="com.api1.test.LoginApiTest" time="2.866" errors="0" timestamp="2025-10-26T00:18:57 IST" skipped="0">
  <testcase classname="com.api1.test.LoginApiTest" name="Test" time="2.866"/>
  <system-out/>
</testsuite> <!-- com.api1.test.LoginApiTest -->
