<?xml version="1.0" encoding="UTF-8"?>
<!-- Generated by org.testng.reporters.JUnitReportReporter -->
<testsuite hostname="Shinde" failures="0" tests="2" name="com.api1.test.MasterApiTest" time="3.336" errors="0" timestamp="2025-10-29T01:43:22 IST" skipped="0">
  <testcase classname="com.api1.test.MasterApiTest" name="Auth_missing" time="1.536"/>
  <system-out/>
  <testcase classname="com.api1.test.MasterApiTest" name="MasterApiTest" time="1.800"/>
  <system-out/>
</testsuite> <!-- com.api1.test.MasterApiTest -->
